<?xml version="1.0" encoding="UTF-8"?>
<!-- Generated by org.testng.reporters.JUnitReportReporter -->
<testsuite hostname="SGH305RPWK" name="com.cits.regression.UserListButton_TS_05" tests="1" failures="0" timestamp="22 Jul 2016 10:35:50 GMT" time="57.448" errors="0">
  <testcase name="verifyUserListBtn_TC_05" time="57.448" classname="com.cits.regression.UserListButton_TS_05"/>
</testsuite> <!-- com.cits.regression.UserListButton_TS_05 -->
