<?xml version="1.0" encoding="UTF-8"?>
<!-- Generated by org.testng.reporters.JUnitReportReporter -->
<testsuite hostname="SGH305RPWK" name="com.cits.regression.LoginSuccess" tests="1" failures="0" timestamp="22 Jul 2016 10:34:45 GMT" time="10.104" errors="0">
  <testcase name="login" time="10.104" classname="com.cits.regression.LoginSuccess"/>
</testsuite> <!-- com.cits.regression.LoginSuccess -->
