<?xml version="1.0" encoding="UTF-8"?>
<!-- Generated by org.testng.reporters.JUnitReportReporter -->
<testsuite hostname="SGH305RPWK" name="com.cits.regression.AddAdmin_TS_02" tests="1" failures="0" timestamp="22 Jul 2016 10:31:28 GMT" time="47.175" errors="0">
  <testcase name="verifyAddAdmin_TC_02" time="47.175" classname="com.cits.regression.AddAdmin_TS_02"/>
</testsuite> <!-- com.cits.regression.AddAdmin_TS_02 -->
