<?xml version="1.0" encoding="UTF-8"?>
<!-- Generated by org.testng.reporters.JUnitReportReporter -->
<testsuite hostname="SGH305RPWK" name="com.cits.regression.ToolTab" tests="1" failures="0" timestamp="20 Jul 2016 09:10:29 GMT" time="11.115" errors="0">
  <testcase name="testToolTab" time="11.115" classname="com.cits.regression.ToolTab"/>
</testsuite> <!-- com.cits.regression.ToolTab -->
