<?xml version="1.0" encoding="UTF-8"?>
<!-- Generated by org.testng.reporters.JUnitReportReporter -->
<testsuite hostname="SGH305RPWK" name="com.cits.regression.AddRVM_TS_01" tests="1" failures="0" timestamp="22 Jul 2016 10:31:51 GMT" time="13.057" errors="0">
  <testcase name="verifyAddRVM_TC_01" time="13.057" classname="com.cits.regression.AddRVM_TS_01"/>
</testsuite> <!-- com.cits.regression.AddRVM_TS_01 -->
