<?xml version="1.0" encoding="UTF-8"?>
<!-- Generated by org.testng.reporters.JUnitReportReporter -->
<testsuite hostname="SGH305RPWK" name="com.cits.regression.AddView_TS_04" tests="1" failures="0" timestamp="22 Jul 2016 10:34:23 GMT" time="13.891" errors="0">
  <testcase name="verifyAddView_TC_04" time="13.891" classname="com.cits.regression.AddView_TS_04"/>
</testsuite> <!-- com.cits.regression.AddView_TS_04 -->
